c:\users\user\desktop\учеба\бауманка\4-сем\мзяп\lab_07\lab_07\debug\vc143.pdb
c:\users\user\desktop\учеба\бауманка\4-сем\мзяп\lab_07\lab_07\debug\vc143.idb
c:\users\user\desktop\учеба\бауманка\4-сем\мзяп\lab_07\lab_07\debug\lab_07.obj
c:\users\user\desktop\учеба\бауманка\4-сем\мзяп\lab_07\debug\lab_07.pdb
c:\users\user\desktop\учеба\бауманка\4-сем\мзяп\lab_07\lab_07\debug\lab_07.tlog\cl.command.1.tlog
c:\users\user\desktop\учеба\бауманка\4-сем\мзяп\lab_07\lab_07\debug\lab_07.tlog\cl.items.tlog
c:\users\user\desktop\учеба\бауманка\4-сем\мзяп\lab_07\lab_07\debug\lab_07.tlog\cl.read.1.tlog
c:\users\user\desktop\учеба\бауманка\4-сем\мзяп\lab_07\lab_07\debug\lab_07.tlog\cl.write.1.tlog
c:\users\user\desktop\учеба\бауманка\4-сем\мзяп\lab_07\lab_07\debug\lab_07.tlog\link-cvtres.read.1.tlog
c:\users\user\desktop\учеба\бауманка\4-сем\мзяп\lab_07\lab_07\debug\lab_07.tlog\link-cvtres.write.1.tlog
c:\users\user\desktop\учеба\бауманка\4-сем\мзяп\lab_07\lab_07\debug\lab_07.tlog\link-rc.read.1.tlog
c:\users\user\desktop\учеба\бауманка\4-сем\мзяп\lab_07\lab_07\debug\lab_07.tlog\link-rc.write.1.tlog
c:\users\user\desktop\учеба\бауманка\4-сем\мзяп\lab_07\lab_07\debug\lab_07.tlog\link.37256-cvtres.read.1.tlog
c:\users\user\desktop\учеба\бауманка\4-сем\мзяп\lab_07\lab_07\debug\lab_07.tlog\link.37256-cvtres.write.1.tlog
c:\users\user\desktop\учеба\бауманка\4-сем\мзяп\lab_07\lab_07\debug\lab_07.tlog\link.37256-rc.read.1.tlog
c:\users\user\desktop\учеба\бауманка\4-сем\мзяп\lab_07\lab_07\debug\lab_07.tlog\link.37256-rc.write.1.tlog
c:\users\user\desktop\учеба\бауманка\4-сем\мзяп\lab_07\lab_07\debug\lab_07.tlog\link.37256.read.1.tlog
c:\users\user\desktop\учеба\бауманка\4-сем\мзяп\lab_07\lab_07\debug\lab_07.tlog\link.37256.write.1.tlog
c:\users\user\desktop\учеба\бауманка\4-сем\мзяп\lab_07\lab_07\debug\lab_07.tlog\link.command.1.tlog
c:\users\user\desktop\учеба\бауманка\4-сем\мзяп\lab_07\lab_07\debug\lab_07.tlog\link.read.1.tlog
c:\users\user\desktop\учеба\бауманка\4-сем\мзяп\lab_07\lab_07\debug\lab_07.tlog\link.write.1.tlog
